2023-03-08 11:45:56 INFO     Starting processes for host 4056 with 6 operations per second.
2023-03-08 11:45:56 INFO     Client-side connection success to port val:2056

2023-03-08 11:45:56 INFO     Client-side connection success to port val:3056

2023-03-08 11:45:56 INFO     Messages sent to: 2056 and 3056 | local logical clock time: 1
2023-03-08 11:45:57 INFO     Internal event | local logical clock time: 2
2023-03-08 11:45:57 INFO     Message sent to: 2056 | local logical clock time: 3
2023-03-08 11:45:57 INFO     Internal event | local logical clock time: 3
2023-03-08 11:45:57 INFO     Internal event | local logical clock time: 4
2023-03-08 11:45:57 INFO     Messages sent to: 2056 and 3056 | local logical clock time: 5
2023-03-08 11:45:57 INFO     Messages sent to: 2056 and 3056 | local logical clock time: 6
2023-03-08 11:45:57 INFO     Internal event | local logical clock time: 7
2023-03-08 11:45:58 INFO     Messages sent to: 2056 and 3056 | local logical clock time: 8
2023-03-08 11:45:58 INFO     Messages sent to: 2056 and 3056 | local logical clock time: 9
2023-03-08 11:45:58 INFO     Internal event | local logical clock time: 10
2023-03-08 11:45:58 INFO     Message sent to: 2056 | local logical clock time: 11
2023-03-08 11:45:58 INFO     Internal event | local logical clock time: 11
2023-03-08 11:45:58 INFO     Internal event | local logical clock time: 12
2023-03-08 11:45:58 INFO     Internal event | local logical clock time: 13
2023-03-08 11:45:59 INFO     Internal event | local logical clock time: 14
2023-03-08 11:45:59 INFO     Internal event | local logical clock time: 15
2023-03-08 11:45:59 INFO     Internal event | local logical clock time: 16
2023-03-08 11:45:59 INFO     Internal event | local logical clock time: 17
2023-03-08 11:45:59 INFO     Message received: 11 | local logical clock time: 18 | length of message queue: 0
2023-03-08 11:45:59 INFO     Message sent to: 3056 | local logical clock time: 19
2023-03-08 11:45:59 INFO     Internal event | local logical clock time: 19
2023-03-08 11:46:00 INFO     Internal event | local logical clock time: 20
2023-03-08 11:46:00 INFO     Internal event | local logical clock time: 21
2023-03-08 11:46:00 INFO     Internal event | local logical clock time: 22
2023-03-08 11:46:00 INFO     Internal event | local logical clock time: 23
2023-03-08 11:46:00 INFO     Internal event | local logical clock time: 24
2023-03-08 11:46:00 INFO     Internal event | local logical clock time: 25
2023-03-08 11:46:01 INFO     Internal event | local logical clock time: 26
2023-03-08 11:46:01 INFO     Internal event | local logical clock time: 27
2023-03-08 11:46:01 INFO     Internal event | local logical clock time: 28
2023-03-08 11:46:01 INFO     Internal event | local logical clock time: 29
2023-03-08 11:46:01 INFO     Internal event | local logical clock time: 30
2023-03-08 11:46:01 INFO     Internal event | local logical clock time: 31
2023-03-08 11:46:02 INFO     Internal event | local logical clock time: 32
2023-03-08 11:46:02 INFO     Message sent to: 2056 | local logical clock time: 33
2023-03-08 11:46:02 INFO     Internal event | local logical clock time: 33
2023-03-08 11:46:02 INFO     Internal event | local logical clock time: 34
2023-03-08 11:46:02 INFO     Internal event | local logical clock time: 35
2023-03-08 11:46:02 INFO     Internal event | local logical clock time: 36
2023-03-08 11:46:02 INFO     Internal event | local logical clock time: 37
2023-03-08 11:46:03 INFO     Internal event | local logical clock time: 38
2023-03-08 11:46:03 INFO     Internal event | local logical clock time: 39
2023-03-08 11:46:03 INFO     Internal event | local logical clock time: 40
2023-03-08 11:46:03 INFO     Internal event | local logical clock time: 41
2023-03-08 11:46:03 INFO     Message received: 27 | local logical clock time: 42 | length of message queue: 0
2023-03-08 11:46:03 INFO     Internal event | local logical clock time: 43
2023-03-08 11:46:04 INFO     Message sent to: 3056 | local logical clock time: 44
2023-03-08 11:46:04 INFO     Internal event | local logical clock time: 44
2023-03-08 11:46:04 INFO     Message sent to: 3056 | local logical clock time: 45
2023-03-08 11:46:04 INFO     Internal event | local logical clock time: 45
2023-03-08 11:46:04 INFO     Internal event | local logical clock time: 46
2023-03-08 11:46:04 INFO     Internal event | local logical clock time: 47
2023-03-08 11:46:04 INFO     Internal event | local logical clock time: 48
2023-03-08 11:46:04 INFO     Message sent to: 3056 | local logical clock time: 49
2023-03-08 11:46:04 INFO     Internal event | local logical clock time: 49
2023-03-08 11:46:05 INFO     Internal event | local logical clock time: 50
2023-03-08 11:46:05 INFO     Internal event | local logical clock time: 51
2023-03-08 11:46:05 INFO     Message sent to: 3056 | local logical clock time: 52
2023-03-08 11:46:05 INFO     Internal event | local logical clock time: 52
2023-03-08 11:46:05 INFO     Message sent to: 2056 | local logical clock time: 53
2023-03-08 11:46:05 INFO     Internal event | local logical clock time: 53
2023-03-08 11:46:05 INFO     Messages sent to: 2056 and 3056 | local logical clock time: 54
2023-03-08 11:46:05 INFO     Internal event | local logical clock time: 55
2023-03-08 11:46:06 INFO     Internal event | local logical clock time: 56
2023-03-08 11:46:06 INFO     Internal event | local logical clock time: 57
2023-03-08 11:46:06 INFO     Message sent to: 3056 | local logical clock time: 58
2023-03-08 11:46:06 INFO     Internal event | local logical clock time: 58
2023-03-08 11:46:06 INFO     Message sent to: 2056 | local logical clock time: 59
2023-03-08 11:46:06 INFO     Internal event | local logical clock time: 59
2023-03-08 11:46:06 INFO     Internal event | local logical clock time: 60
2023-03-08 11:46:06 INFO     Message sent to: 3056 | local logical clock time: 61
2023-03-08 11:46:06 INFO     Internal event | local logical clock time: 61
2023-03-08 11:46:07 INFO     Messages sent to: 2056 and 3056 | local logical clock time: 62
2023-03-08 11:46:07 INFO     Message sent to: 3056 | local logical clock time: 63
2023-03-08 11:46:07 INFO     Internal event | local logical clock time: 63
2023-03-08 11:46:07 INFO     Message sent to: 2056 | local logical clock time: 64
2023-03-08 11:46:07 INFO     Internal event | local logical clock time: 64
2023-03-08 11:46:07 INFO     Message sent to: 2056 | local logical clock time: 65
2023-03-08 11:46:07 INFO     Internal event | local logical clock time: 65
2023-03-08 11:46:07 INFO     Internal event | local logical clock time: 66
2023-03-08 11:46:07 INFO     Message sent to: 3056 | local logical clock time: 67
2023-03-08 11:46:07 INFO     Internal event | local logical clock time: 67
2023-03-08 11:46:08 INFO     Internal event | local logical clock time: 68
2023-03-08 11:46:08 INFO     Message sent to: 2056 | local logical clock time: 69
2023-03-08 11:46:08 INFO     Internal event | local logical clock time: 69
2023-03-08 11:46:08 INFO     Internal event | local logical clock time: 70
2023-03-08 11:46:08 INFO     Message sent to: 2056 | local logical clock time: 71
2023-03-08 11:46:08 INFO     Internal event | local logical clock time: 71
2023-03-08 11:46:08 INFO     Internal event | local logical clock time: 72
2023-03-08 11:46:08 INFO     Internal event | local logical clock time: 73
2023-03-08 11:46:09 INFO     Internal event | local logical clock time: 74
2023-03-08 11:46:09 INFO     Internal event | local logical clock time: 75
2023-03-08 11:46:09 INFO     Internal event | local logical clock time: 76
2023-03-08 11:46:09 INFO     Message sent to: 3056 | local logical clock time: 77
2023-03-08 11:46:09 INFO     Internal event | local logical clock time: 77
2023-03-08 11:46:09 INFO     Internal event | local logical clock time: 78
2023-03-08 11:46:09 INFO     Internal event | local logical clock time: 79
2023-03-08 11:46:10 INFO     Internal event | local logical clock time: 80
2023-03-08 11:46:10 INFO     Internal event | local logical clock time: 81
2023-03-08 11:46:10 INFO     Internal event | local logical clock time: 82
2023-03-08 11:46:10 INFO     Internal event | local logical clock time: 83
2023-03-08 11:46:10 INFO     Message sent to: 3056 | local logical clock time: 84
2023-03-08 11:46:10 INFO     Internal event | local logical clock time: 84
2023-03-08 11:46:10 INFO     Internal event | local logical clock time: 85
2023-03-08 11:46:11 INFO     Internal event | local logical clock time: 86
2023-03-08 11:46:11 INFO     Internal event | local logical clock time: 87
2023-03-08 11:46:11 INFO     Internal event | local logical clock time: 88
2023-03-08 11:46:11 INFO     Internal event | local logical clock time: 89
2023-03-08 11:46:11 INFO     Internal event | local logical clock time: 90
2023-03-08 11:46:11 INFO     Internal event | local logical clock time: 91
2023-03-08 11:46:12 INFO     Internal event | local logical clock time: 92
2023-03-08 11:46:12 INFO     Message sent to: 3056 | local logical clock time: 93
2023-03-08 11:46:12 INFO     Internal event | local logical clock time: 93
2023-03-08 11:46:12 INFO     Internal event | local logical clock time: 94
2023-03-08 11:46:12 INFO     Messages sent to: 2056 and 3056 | local logical clock time: 95
2023-03-08 11:46:12 INFO     Internal event | local logical clock time: 96
2023-03-08 11:46:12 INFO     Internal event | local logical clock time: 97
2023-03-08 11:46:13 INFO     Internal event | local logical clock time: 98
2023-03-08 11:46:13 INFO     Internal event | local logical clock time: 99
2023-03-08 11:46:13 INFO     Internal event | local logical clock time: 100
2023-03-08 11:46:13 INFO     Message sent to: 3056 | local logical clock time: 101
2023-03-08 11:46:13 INFO     Internal event | local logical clock time: 101
2023-03-08 11:46:13 INFO     Internal event | local logical clock time: 102
2023-03-08 11:46:13 INFO     Internal event | local logical clock time: 103
2023-03-08 11:46:14 INFO     Internal event | local logical clock time: 104
2023-03-08 11:46:14 INFO     Internal event | local logical clock time: 105
2023-03-08 11:46:14 INFO     Message sent to: 3056 | local logical clock time: 106
2023-03-08 11:46:14 INFO     Internal event | local logical clock time: 106
2023-03-08 11:46:14 INFO     Internal event | local logical clock time: 107
2023-03-08 11:46:14 INFO     Internal event | local logical clock time: 108
2023-03-08 11:46:14 INFO     Message sent to: 3056 | local logical clock time: 109
2023-03-08 11:46:14 INFO     Internal event | local logical clock time: 109
2023-03-08 11:46:15 INFO     Message sent to: 2056 | local logical clock time: 110
2023-03-08 11:46:15 INFO     Internal event | local logical clock time: 110
2023-03-08 11:46:15 INFO     Internal event | local logical clock time: 111
2023-03-08 11:46:15 INFO     Message sent to: 3056 | local logical clock time: 112
2023-03-08 11:46:15 INFO     Internal event | local logical clock time: 112
2023-03-08 11:46:15 INFO     Internal event | local logical clock time: 113
2023-03-08 11:46:15 INFO     Internal event | local logical clock time: 114
2023-03-08 11:46:15 INFO     Internal event | local logical clock time: 115
2023-03-08 11:46:16 INFO     Internal event | local logical clock time: 116
2023-03-08 11:46:16 INFO     Internal event | local logical clock time: 117
2023-03-08 11:46:16 INFO     Message sent to: 3056 | local logical clock time: 118
2023-03-08 11:46:16 INFO     Internal event | local logical clock time: 118
2023-03-08 11:46:16 INFO     Internal event | local logical clock time: 119
2023-03-08 11:46:16 INFO     Message sent to: 3056 | local logical clock time: 120
2023-03-08 11:46:16 INFO     Internal event | local logical clock time: 120
2023-03-08 11:46:16 INFO     Messages sent to: 2056 and 3056 | local logical clock time: 121
2023-03-08 11:46:17 INFO     Internal event | local logical clock time: 122
2023-03-08 11:46:17 INFO     Internal event | local logical clock time: 123
2023-03-08 11:46:17 INFO     Internal event | local logical clock time: 124
2023-03-08 11:46:17 INFO     Internal event | local logical clock time: 125
2023-03-08 11:46:17 INFO     Internal event | local logical clock time: 126
2023-03-08 11:46:17 INFO     Internal event | local logical clock time: 127
2023-03-08 11:46:18 INFO     Internal event | local logical clock time: 128
2023-03-08 11:46:18 INFO     Internal event | local logical clock time: 129
2023-03-08 11:46:18 INFO     Message sent to: 2056 | local logical clock time: 130
2023-03-08 11:46:18 INFO     Internal event | local logical clock time: 130
2023-03-08 11:46:18 INFO     Message sent to: 3056 | local logical clock time: 131
2023-03-08 11:46:18 INFO     Internal event | local logical clock time: 131
2023-03-08 11:46:18 INFO     Internal event | local logical clock time: 132
2023-03-08 11:46:18 INFO     Messages sent to: 2056 and 3056 | local logical clock time: 133
2023-03-08 11:46:19 INFO     Internal event | local logical clock time: 134
2023-03-08 11:46:19 INFO     Message sent to: 3056 | local logical clock time: 135
2023-03-08 11:46:19 INFO     Internal event | local logical clock time: 135
2023-03-08 11:46:19 INFO     Internal event | local logical clock time: 136
2023-03-08 11:46:19 INFO     Messages sent to: 2056 and 3056 | local logical clock time: 137
2023-03-08 11:46:19 INFO     Internal event | local logical clock time: 138
2023-03-08 11:46:19 INFO     Internal event | local logical clock time: 139
2023-03-08 11:46:20 INFO     Messages sent to: 2056 and 3056 | local logical clock time: 140
2023-03-08 11:46:20 INFO     Internal event | local logical clock time: 141
2023-03-08 11:46:20 INFO     Internal event | local logical clock time: 142
2023-03-08 11:46:20 INFO     Internal event | local logical clock time: 143
2023-03-08 11:46:20 INFO     Internal event | local logical clock time: 144
2023-03-08 11:46:20 INFO     Internal event | local logical clock time: 145
2023-03-08 11:46:21 INFO     Message sent to: 2056 | local logical clock time: 146
2023-03-08 11:46:21 INFO     Internal event | local logical clock time: 146
2023-03-08 11:46:21 INFO     Internal event | local logical clock time: 147
2023-03-08 11:46:21 INFO     Message sent to: 2056 | local logical clock time: 148
2023-03-08 11:46:21 INFO     Internal event | local logical clock time: 148
2023-03-08 11:46:21 INFO     Internal event | local logical clock time: 149
2023-03-08 11:46:21 INFO     Internal event | local logical clock time: 150
2023-03-08 11:46:21 INFO     Internal event | local logical clock time: 151
2023-03-08 11:46:22 INFO     Internal event | local logical clock time: 152
2023-03-08 11:46:22 INFO     Internal event | local logical clock time: 153
2023-03-08 11:46:22 INFO     Internal event | local logical clock time: 154
2023-03-08 11:46:22 INFO     Internal event | local logical clock time: 155
2023-03-08 11:46:22 INFO     Internal event | local logical clock time: 156
2023-03-08 11:46:22 INFO     Internal event | local logical clock time: 157
2023-03-08 11:46:23 INFO     Internal event | local logical clock time: 158
2023-03-08 11:46:23 INFO     Messages sent to: 2056 and 3056 | local logical clock time: 159
2023-03-08 11:46:23 INFO     Message sent to: 3056 | local logical clock time: 160
2023-03-08 11:46:23 INFO     Internal event | local logical clock time: 160
2023-03-08 11:46:23 INFO     Messages sent to: 2056 and 3056 | local logical clock time: 161
2023-03-08 11:46:23 INFO     Messages sent to: 2056 and 3056 | local logical clock time: 162
2023-03-08 11:46:23 INFO     Internal event | local logical clock time: 163
2023-03-08 11:46:24 INFO     Internal event | local logical clock time: 164
2023-03-08 11:46:24 INFO     Internal event | local logical clock time: 165
2023-03-08 11:46:24 INFO     Internal event | local logical clock time: 166
2023-03-08 11:46:24 INFO     Internal event | local logical clock time: 167
2023-03-08 11:46:24 INFO     Internal event | local logical clock time: 168
2023-03-08 11:46:24 INFO     Internal event | local logical clock time: 169
2023-03-08 11:46:25 INFO     Internal event | local logical clock time: 170
2023-03-08 11:46:25 INFO     Message sent to: 3056 | local logical clock time: 171
2023-03-08 11:46:25 INFO     Internal event | local logical clock time: 171
2023-03-08 11:46:25 INFO     Internal event | local logical clock time: 172
2023-03-08 11:46:25 INFO     Internal event | local logical clock time: 173
2023-03-08 11:46:25 INFO     Internal event | local logical clock time: 174
2023-03-08 11:46:25 INFO     Internal event | local logical clock time: 175
2023-03-08 11:46:26 INFO     Internal event | local logical clock time: 176
2023-03-08 11:46:26 INFO     Internal event | local logical clock time: 177
2023-03-08 11:46:26 INFO     Internal event | local logical clock time: 178
2023-03-08 11:46:26 INFO     Internal event | local logical clock time: 179
2023-03-08 11:46:26 INFO     Message sent to: 2056 | local logical clock time: 180
2023-03-08 11:46:26 INFO     Internal event | local logical clock time: 180
2023-03-08 11:46:26 INFO     Internal event | local logical clock time: 181
2023-03-08 11:46:27 INFO     Messages sent to: 2056 and 3056 | local logical clock time: 182
2023-03-08 11:46:27 INFO     Internal event | local logical clock time: 183
2023-03-08 11:46:27 INFO     Internal event | local logical clock time: 184
2023-03-08 11:46:27 INFO     Internal event | local logical clock time: 185
2023-03-08 11:46:27 INFO     Messages sent to: 2056 and 3056 | local logical clock time: 186
2023-03-08 11:46:27 INFO     Messages sent to: 2056 and 3056 | local logical clock time: 187
2023-03-08 11:46:28 INFO     Message sent to: 2056 | local logical clock time: 188
2023-03-08 11:46:28 INFO     Internal event | local logical clock time: 188
2023-03-08 11:46:28 INFO     Internal event | local logical clock time: 189
2023-03-08 11:46:28 INFO     Messages sent to: 2056 and 3056 | local logical clock time: 190
2023-03-08 11:46:28 INFO     Messages sent to: 2056 and 3056 | local logical clock time: 191
2023-03-08 11:46:28 INFO     Message sent to: 2056 | local logical clock time: 192
2023-03-08 11:46:28 INFO     Internal event | local logical clock time: 192
2023-03-08 11:46:28 INFO     Internal event | local logical clock time: 193
2023-03-08 11:46:29 INFO     Message sent to: 3056 | local logical clock time: 194
2023-03-08 11:46:29 INFO     Internal event | local logical clock time: 194
2023-03-08 11:46:29 INFO     Internal event | local logical clock time: 195
2023-03-08 11:46:29 INFO     Internal event | local logical clock time: 196
2023-03-08 11:46:29 INFO     Internal event | local logical clock time: 197
2023-03-08 11:46:29 INFO     Internal event | local logical clock time: 198
2023-03-08 11:46:30 INFO     Internal event | local logical clock time: 199
2023-03-08 11:46:30 INFO     Internal event | local logical clock time: 200
2023-03-08 11:46:30 INFO     Message sent to: 2056 | local logical clock time: 201
2023-03-08 11:46:30 INFO     Internal event | local logical clock time: 201
2023-03-08 11:46:30 INFO     Message sent to: 3056 | local logical clock time: 202
2023-03-08 11:46:30 INFO     Internal event | local logical clock time: 202
2023-03-08 11:46:30 INFO     Internal event | local logical clock time: 203
2023-03-08 11:46:30 INFO     Internal event | local logical clock time: 204
2023-03-08 11:46:31 INFO     Internal event | local logical clock time: 205
2023-03-08 11:46:31 INFO     Message sent to: 2056 | local logical clock time: 206
2023-03-08 11:46:31 INFO     Internal event | local logical clock time: 206
2023-03-08 11:46:31 INFO     Message sent to: 2056 | local logical clock time: 207
2023-03-08 11:46:31 INFO     Internal event | local logical clock time: 207
2023-03-08 11:46:31 INFO     Message sent to: 2056 | local logical clock time: 208
2023-03-08 11:46:31 INFO     Internal event | local logical clock time: 208
2023-03-08 11:46:31 INFO     Internal event | local logical clock time: 209
2023-03-08 11:46:31 INFO     Message received: 205 | local logical clock time: 210 | length of message queue: 0
2023-03-08 11:46:32 INFO     Message sent to: 3056 | local logical clock time: 211
2023-03-08 11:46:32 INFO     Internal event | local logical clock time: 211
2023-03-08 11:46:32 INFO     Message sent to: 2056 | local logical clock time: 212
2023-03-08 11:46:32 INFO     Internal event | local logical clock time: 212
2023-03-08 11:46:32 INFO     Messages sent to: 2056 and 3056 | local logical clock time: 213
2023-03-08 11:46:32 INFO     Internal event | local logical clock time: 214
2023-03-08 11:46:32 INFO     Internal event | local logical clock time: 215
2023-03-08 11:46:32 INFO     Internal event | local logical clock time: 216
2023-03-08 11:46:33 INFO     Internal event | local logical clock time: 217
2023-03-08 11:46:33 INFO     Internal event | local logical clock time: 218
2023-03-08 11:46:33 INFO     Internal event | local logical clock time: 219
2023-03-08 11:46:33 INFO     Internal event | local logical clock time: 220
2023-03-08 11:46:33 INFO     Messages sent to: 2056 and 3056 | local logical clock time: 221
2023-03-08 11:46:33 INFO     Internal event | local logical clock time: 222
2023-03-08 11:46:34 INFO     Internal event | local logical clock time: 223
2023-03-08 11:46:34 INFO     Internal event | local logical clock time: 224
2023-03-08 11:46:34 INFO     Internal event | local logical clock time: 225
2023-03-08 11:46:34 INFO     Messages sent to: 2056 and 3056 | local logical clock time: 226
2023-03-08 11:46:34 INFO     Messages sent to: 2056 and 3056 | local logical clock time: 227
2023-03-08 11:46:34 INFO     Message sent to: 3056 | local logical clock time: 228
2023-03-08 11:46:34 INFO     Internal event | local logical clock time: 228
2023-03-08 11:46:35 INFO     Internal event | local logical clock time: 229
2023-03-08 11:46:35 INFO     Internal event | local logical clock time: 230
2023-03-08 11:46:35 INFO     Internal event | local logical clock time: 231
2023-03-08 11:46:35 INFO     Internal event | local logical clock time: 232
2023-03-08 11:46:35 INFO     Internal event | local logical clock time: 233
2023-03-08 11:46:35 INFO     Message sent to: 2056 | local logical clock time: 234
2023-03-08 11:46:35 INFO     Internal event | local logical clock time: 234
2023-03-08 11:46:36 INFO     Internal event | local logical clock time: 235
2023-03-08 11:46:36 INFO     Internal event | local logical clock time: 236
2023-03-08 11:46:36 INFO     Message sent to: 3056 | local logical clock time: 237
2023-03-08 11:46:36 INFO     Internal event | local logical clock time: 237
2023-03-08 11:46:36 INFO     Internal event | local logical clock time: 238
2023-03-08 11:46:36 INFO     Message sent to: 3056 | local logical clock time: 239
2023-03-08 11:46:36 INFO     Internal event | local logical clock time: 239
2023-03-08 11:46:36 INFO     Internal event | local logical clock time: 240
2023-03-08 11:46:37 INFO     Internal event | local logical clock time: 241
2023-03-08 11:46:37 INFO     Internal event | local logical clock time: 242
2023-03-08 11:46:37 INFO     Internal event | local logical clock time: 243
2023-03-08 11:46:37 INFO     Message sent to: 3056 | local logical clock time: 244
2023-03-08 11:46:37 INFO     Internal event | local logical clock time: 244
2023-03-08 11:46:37 INFO     Internal event | local logical clock time: 245
2023-03-08 11:46:37 INFO     Internal event | local logical clock time: 246
2023-03-08 11:46:38 INFO     Internal event | local logical clock time: 247
2023-03-08 11:46:38 INFO     Internal event | local logical clock time: 248
2023-03-08 11:46:38 INFO     Internal event | local logical clock time: 249
2023-03-08 11:46:38 INFO     Message sent to: 3056 | local logical clock time: 250
2023-03-08 11:46:38 INFO     Internal event | local logical clock time: 250
2023-03-08 11:46:38 INFO     Internal event | local logical clock time: 251
2023-03-08 11:46:38 INFO     Internal event | local logical clock time: 252
2023-03-08 11:46:39 INFO     Message sent to: 3056 | local logical clock time: 253
2023-03-08 11:46:39 INFO     Internal event | local logical clock time: 253
2023-03-08 11:46:39 INFO     Internal event | local logical clock time: 254
2023-03-08 11:46:39 INFO     Internal event | local logical clock time: 255
2023-03-08 11:46:39 INFO     Internal event | local logical clock time: 256
2023-03-08 11:46:39 INFO     Internal event | local logical clock time: 257
2023-03-08 11:46:39 INFO     Internal event | local logical clock time: 258
2023-03-08 11:46:40 INFO     Internal event | local logical clock time: 259
2023-03-08 11:46:40 INFO     Messages sent to: 2056 and 3056 | local logical clock time: 260
2023-03-08 11:46:40 INFO     Message sent to: 2056 | local logical clock time: 261
2023-03-08 11:46:40 INFO     Internal event | local logical clock time: 261
2023-03-08 11:46:40 INFO     Internal event | local logical clock time: 262
2023-03-08 11:46:40 INFO     Internal event | local logical clock time: 263
2023-03-08 11:46:40 INFO     Internal event | local logical clock time: 264
2023-03-08 11:46:41 INFO     Message sent to: 3056 | local logical clock time: 265
2023-03-08 11:46:41 INFO     Internal event | local logical clock time: 265
2023-03-08 11:46:41 INFO     Internal event | local logical clock time: 266
2023-03-08 11:46:41 INFO     Message sent to: 2056 | local logical clock time: 267
2023-03-08 11:46:41 INFO     Internal event | local logical clock time: 267
2023-03-08 11:46:41 INFO     Internal event | local logical clock time: 268
2023-03-08 11:46:41 INFO     Internal event | local logical clock time: 269
2023-03-08 11:46:41 INFO     Internal event | local logical clock time: 270
2023-03-08 11:46:42 INFO     Internal event | local logical clock time: 271
2023-03-08 11:46:42 INFO     Internal event | local logical clock time: 272
2023-03-08 11:46:42 INFO     Messages sent to: 2056 and 3056 | local logical clock time: 273
2023-03-08 11:46:42 INFO     Message sent to: 3056 | local logical clock time: 274
2023-03-08 11:46:42 INFO     Internal event | local logical clock time: 274
2023-03-08 11:46:42 INFO     Message sent to: 3056 | local logical clock time: 275
2023-03-08 11:46:42 INFO     Internal event | local logical clock time: 275
2023-03-08 11:46:42 INFO     Internal event | local logical clock time: 276
2023-03-08 11:46:43 INFO     Message sent to: 2056 | local logical clock time: 277
2023-03-08 11:46:43 INFO     Internal event | local logical clock time: 277
2023-03-08 11:46:43 INFO     Internal event | local logical clock time: 278
2023-03-08 11:46:43 INFO     Internal event | local logical clock time: 279
2023-03-08 11:46:43 INFO     Internal event | local logical clock time: 280
2023-03-08 11:46:43 INFO     Message sent to: 3056 | local logical clock time: 281
2023-03-08 11:46:43 INFO     Internal event | local logical clock time: 281
2023-03-08 11:46:43 INFO     Internal event | local logical clock time: 282
2023-03-08 11:46:44 INFO     Internal event | local logical clock time: 283
2023-03-08 11:46:44 INFO     Internal event | local logical clock time: 284
2023-03-08 11:46:44 INFO     Internal event | local logical clock time: 285
2023-03-08 11:46:44 INFO     Message sent to: 2056 | local logical clock time: 286
2023-03-08 11:46:44 INFO     Internal event | local logical clock time: 286
2023-03-08 11:46:44 INFO     Message sent to: 2056 | local logical clock time: 287
2023-03-08 11:46:44 INFO     Internal event | local logical clock time: 287
2023-03-08 11:46:44 INFO     Messages sent to: 2056 and 3056 | local logical clock time: 288
2023-03-08 11:46:45 INFO     Messages sent to: 2056 and 3056 | local logical clock time: 289
2023-03-08 11:46:45 INFO     Internal event | local logical clock time: 290
2023-03-08 11:46:45 INFO     Messages sent to: 2056 and 3056 | local logical clock time: 291
2023-03-08 11:46:45 INFO     Internal event | local logical clock time: 292
2023-03-08 11:46:45 INFO     Internal event | local logical clock time: 293
2023-03-08 11:46:45 INFO     Message sent to: 3056 | local logical clock time: 294
2023-03-08 11:46:45 INFO     Internal event | local logical clock time: 294
2023-03-08 11:46:46 INFO     Internal event | local logical clock time: 295
2023-03-08 11:46:46 INFO     Message sent to: 3056 | local logical clock time: 296
2023-03-08 11:46:46 INFO     Internal event | local logical clock time: 296
2023-03-08 11:46:46 INFO     Internal event | local logical clock time: 297
2023-03-08 11:46:46 INFO     Internal event | local logical clock time: 298
2023-03-08 11:46:46 INFO     Internal event | local logical clock time: 299
2023-03-08 11:46:46 INFO     Internal event | local logical clock time: 300
2023-03-08 11:46:47 INFO     Internal event | local logical clock time: 301
2023-03-08 11:46:47 INFO     Message sent to: 2056 | local logical clock time: 302
2023-03-08 11:46:47 INFO     Internal event | local logical clock time: 302
2023-03-08 11:46:47 INFO     Internal event | local logical clock time: 303
2023-03-08 11:46:47 INFO     Message sent to: 3056 | local logical clock time: 304
2023-03-08 11:46:47 INFO     Internal event | local logical clock time: 304
2023-03-08 11:46:47 INFO     Messages sent to: 2056 and 3056 | local logical clock time: 305
2023-03-08 11:46:47 INFO     Internal event | local logical clock time: 306
2023-03-08 11:46:48 INFO     Internal event | local logical clock time: 307
2023-03-08 11:46:48 INFO     Internal event | local logical clock time: 308
2023-03-08 11:46:48 INFO     Internal event | local logical clock time: 309
2023-03-08 11:46:48 INFO     Internal event | local logical clock time: 310
2023-03-08 11:46:48 INFO     Internal event | local logical clock time: 311
2023-03-08 11:46:48 INFO     Internal event | local logical clock time: 312
2023-03-08 11:46:49 INFO     Internal event | local logical clock time: 313
2023-03-08 11:46:49 INFO     Internal event | local logical clock time: 314
2023-03-08 11:46:49 INFO     Message received: 308 | local logical clock time: 315 | length of message queue: 0
2023-03-08 11:46:49 INFO     Internal event | local logical clock time: 316
2023-03-08 11:46:49 INFO     Internal event | local logical clock time: 317
2023-03-08 11:46:49 INFO     Internal event | local logical clock time: 318
2023-03-08 11:46:50 INFO     Internal event | local logical clock time: 319
2023-03-08 11:46:50 INFO     Message sent to: 2056 | local logical clock time: 320
2023-03-08 11:46:50 INFO     Internal event | local logical clock time: 320
2023-03-08 11:46:50 INFO     Messages sent to: 2056 and 3056 | local logical clock time: 321
2023-03-08 11:46:50 INFO     Internal event | local logical clock time: 322
2023-03-08 11:46:50 INFO     Messages sent to: 2056 and 3056 | local logical clock time: 323
2023-03-08 11:46:50 INFO     Internal event | local logical clock time: 324
2023-03-08 11:46:51 INFO     Message sent to: 3056 | local logical clock time: 325
2023-03-08 11:46:51 INFO     Internal event | local logical clock time: 325
2023-03-08 11:46:51 INFO     Internal event | local logical clock time: 326
2023-03-08 11:46:51 INFO     Internal event | local logical clock time: 327
2023-03-08 11:46:51 INFO     Internal event | local logical clock time: 328
2023-03-08 11:46:51 INFO     Internal event | local logical clock time: 329
2023-03-08 11:46:51 INFO     Internal event | local logical clock time: 330
2023-03-08 11:46:52 INFO     Internal event | local logical clock time: 331
2023-03-08 11:46:52 INFO     Message sent to: 2056 | local logical clock time: 332
2023-03-08 11:46:52 INFO     Internal event | local logical clock time: 332
2023-03-08 11:46:52 INFO     Internal event | local logical clock time: 333
2023-03-08 11:46:52 INFO     Internal event | local logical clock time: 334
2023-03-08 11:46:52 INFO     Message sent to: 3056 | local logical clock time: 335
2023-03-08 11:46:52 INFO     Internal event | local logical clock time: 335
2023-03-08 11:46:52 INFO     Internal event | local logical clock time: 336
2023-03-08 11:46:53 INFO     Message sent to: 3056 | local logical clock time: 337
2023-03-08 11:46:53 INFO     Internal event | local logical clock time: 337
2023-03-08 11:46:53 INFO     Internal event | local logical clock time: 338
2023-03-08 11:46:53 INFO     Message sent to: 3056 | local logical clock time: 339
2023-03-08 11:46:53 INFO     Internal event | local logical clock time: 339
2023-03-08 11:46:53 INFO     Message sent to: 2056 | local logical clock time: 340
2023-03-08 11:46:53 INFO     Internal event | local logical clock time: 340
2023-03-08 11:46:53 INFO     Internal event | local logical clock time: 341
2023-03-08 11:46:53 INFO     Internal event | local logical clock time: 342
2023-03-08 11:46:54 INFO     Internal event | local logical clock time: 343
2023-03-08 11:46:54 INFO     Internal event | local logical clock time: 344
2023-03-08 11:46:54 INFO     Internal event | local logical clock time: 345
2023-03-08 11:46:54 INFO     Message sent to: 3056 | local logical clock time: 346
2023-03-08 11:46:54 INFO     Internal event | local logical clock time: 346
2023-03-08 11:46:54 INFO     Internal event | local logical clock time: 347
2023-03-08 11:46:54 INFO     Internal event | local logical clock time: 348
2023-03-08 11:46:55 INFO     Internal event | local logical clock time: 349
2023-03-08 11:46:55 INFO     Message sent to: 2056 | local logical clock time: 350
2023-03-08 11:46:55 INFO     Internal event | local logical clock time: 350
2023-03-08 11:46:55 INFO     Message sent to: 3056 | local logical clock time: 351
2023-03-08 11:46:55 INFO     Internal event | local logical clock time: 351
2023-03-08 11:46:55 INFO     Messages sent to: 2056 and 3056 | local logical clock time: 352
2023-03-08 11:46:55 INFO     Message sent to: 2056 | local logical clock time: 353
2023-03-08 11:46:55 INFO     Internal event | local logical clock time: 353
2023-03-08 11:46:55 INFO     Message sent to: 3056 | local logical clock time: 354
2023-03-08 11:46:55 INFO     Internal event | local logical clock time: 354
2023-03-08 11:46:56 INFO     Messages sent to: 2056 and 3056 | local logical clock time: 355
2023-03-08 11:46:56 INFO     Internal event | local logical clock time: 356
2023-03-08 11:46:56 INFO     Message sent to: 3056 | local logical clock time: 357
2023-03-08 11:46:56 INFO     Internal event | local logical clock time: 357
2023-03-08 11:46:56 INFO     Messages sent to: 2056 and 3056 | local logical clock time: 358
2023-03-08 11:46:56 INFO     Message sent to: 2056 | local logical clock time: 359
2023-03-08 11:46:56 INFO     Internal event | local logical clock time: 359
2023-03-08 11:46:56 INFO     Internal event | local logical clock time: 360
2023-03-08 11:46:57 INFO     Internal event | local logical clock time: 361
2023-03-08 11:46:57 INFO     Internal event | local logical clock time: 362
2023-03-08 11:46:57 INFO     Internal event | local logical clock time: 363
2023-03-08 11:46:57 INFO     Message sent to: 2056 | local logical clock time: 364
2023-03-08 11:46:57 INFO     Internal event | local logical clock time: 364
2023-03-08 11:46:57 INFO     Internal event | local logical clock time: 365
2023-03-08 11:46:57 INFO     Message sent to: 3056 | local logical clock time: 366
2023-03-08 11:46:57 INFO     Internal event | local logical clock time: 366
2023-03-08 11:46:58 INFO     Internal event | local logical clock time: 367
2023-03-08 11:46:58 INFO     Internal event | local logical clock time: 368
2023-03-08 11:46:58 INFO     Internal event | local logical clock time: 369
2023-03-08 11:46:58 INFO     Internal event | local logical clock time: 370
2023-03-08 11:46:58 INFO     Internal event | local logical clock time: 371
2023-03-08 11:46:58 INFO     Messages sent to: 2056 and 3056 | local logical clock time: 372
2023-03-08 11:46:59 INFO     Internal event | local logical clock time: 373
2023-03-08 11:46:59 INFO     Messages sent to: 2056 and 3056 | local logical clock time: 374
2023-03-08 11:46:59 INFO     Internal event | local logical clock time: 375
